<?xml version="1.0" encoding="UTF-8"?>
<!-- Generated by org.testng.reporters.JUnitXMLReporter -->
<testsuite hostname="jombayadmin" name="Command line test" tests="3" failures="1" timestamp="19 Jul 2017 05:34:16 GMT" time="63.581" errors="0">
  <testcase name="verifyHomeScreen" time="0.903" classname="com.fb.web.FbTest"/>
  <testcase name="verifyHomeTabs" time="11.505" classname="com.fb.web.FbTest"/>
  <testcase name="startTutorials" time="20.183" classname="com.fb.web.FbTest">
    <failure type="java.lang.AssertionError" message="expected [AboutUs] but found [test]">
      <![CDATA[java.lang.AssertionError: expected [AboutUs] but found [test]
	at com.fb.object.TopicsPage.verifyQuestions(TopicsPage.java:149)
	at com.fb.web.FbTest.startTutorials(FbTest.java:105)
... Removed 40 stack frames]]>
    </failure>
  </testcase> <!-- startTutorials -->
</testsuite> <!-- Command line test -->
