<?xml version="1.0" encoding="UTF-8" ?>
<testsuite tests="3" failures="1" name="TestSuite" time="64.038" errors="0" skipped="0">
  <properties>
[...]
</properties>
  <testcase classname="com.fb.web.FbTest" name="verifyHomeScreen" time="0.903"/>
  <testcase classname="com.fb.web.FbTest" name="verifyHomeTabs" time="11.484"/>
  <testcase classname="com.fb.web.FbTest" name="startTutorials" time="20.187">
    <failure message="expected [AboutUs] but found [test]" type="java.lang.AssertionError">java.lang.AssertionError: expected [AboutUs] but found [test]
	at org.testng.Assert.fail(Assert.java:94)
	at org.testng.Assert.failNotEquals(Assert.java:513)
	at org.testng.Assert.assertEqualsImpl(Assert.java:135)
	at org.testng.Assert.assertEquals(Assert.java:116)
	at org.testng.Assert.assertEquals(Assert.java:190)
	at org.testng.Assert.assertEquals(Assert.java:200)
	at com.fb.object.TopicsPage.verifyQuestions(TopicsPage.java:149)
	at com.fb.web.FbTest.startTutorials(FbTest.java:105)
</failure>
  </testcase>
</testsuite>